<?xml version="1.0" encoding="utf-8"?><testsuites name="pytest tests"><testsuite name="pytest" errors="0" failures="0" skipped="0" tests="19" time="6.204" timestamp="2026-09-01T10:45:20.410071+00:00" hostname="agent-env-2c500c02-2516-4109-b81e-9e79fa51cfe0"><testcase classname="tests.test_dashboard_and_bulk" name="test_dashboard_forbidden_for_manager[/dashboard/summary]" time="0.341" /><testcase classname="tests.test_dashboard_and_bulk" name="test_dashboard_forbidden_for_manager[/dashboard/team-summary]" time="0.150" /><testcase classname="tests.test_dashboard_and_bulk" name="test_dashboard_forbidden_for_manager[/dashboard/attention-items]" time="0.236" /><testcase classname="tests.test_dashboard_and_bulk" name="test_dashboard_forbidden_for_member[/dashboard/summary]" time="0.207" /><testcase classname="tests.test_dashboard_and_bulk" name="test_dashboard_forbidden_for_member[/dashboard/team-summary]" time="0.192" /><testcase classname="tests.test_dashboard_and_bulk" name="test_dashboard_forbidden_for_member[/dashboard/attention-items]" time="0.119" /><testcase classname="tests.test_dashboard_and_bulk" name="test_dashboard_missing_header_401[/dashboard/summary]" time="0.103" /><testcase classname="tests.test_dashboard_and_bulk" name="test_dashboard_missing_header_401[/dashboard/team-summary]" time="0.145" /><testcase classname="tests.test_dashboard_and_bulk" name="test_dashboard_missing_header_401[/dashboard/attention-items]" time="0.126" /><testcase classname="tests.test_dashboard_and_bulk" name="test_dashboard_summary_structure" time="0.127" /><testcase classname="tests.test_dashboard_and_bulk" name="test_dashboard_team_summary_excludes_admin" time="0.146" /><testcase classname="tests.test_dashboard_and_bulk" name="test_dashboard_attention_reflects_new_ready_for_review" time="0.796" /><testcase classname="tests.test_dashboard_and_bulk" name="test_bulk_update_admin_two_rows_to_closed" time="0.592" /><testcase classname="tests.test_dashboard_and_bulk" name="test_bulk_delete_admin" time="0.490" /><testcase classname="tests.test_dashboard_and_bulk" name="test_bulk_delete_manager_forbidden" time="0.114" /><testcase classname="tests.test_dashboard_and_bulk" name="test_bulk_delete_member_forbidden" time="0.208" /><testcase classname="tests.test_dashboard_and_bulk" name="test_bulk_update_member_skips_others_rows" time="0.658" /><testcase classname="tests.test_dashboard_and_bulk" name="test_bulk_update_member_own_rows_only_ongoing" time="0.548" /><testcase classname="tests.test_dashboard_and_bulk" name="test_bulk_update_member_cannot_set_closed" time="0.386" /></testsuite></testsuites>