<?xml version="1.0" encoding="utf-8"?><testsuites name="pytest tests"><testsuite name="pytest" errors="0" failures="0" skipped="0" tests="6" time="2.174" timestamp="2026-09-01T12:42:38.960176+00:00" hostname="agent-env-2c500c02-2516-4109-b81e-9e79fa51cfe0"><testcase classname="tests.test_bulk_empty_rows" name="test_bulk_create_empty_template_produces_empty_rows" time="0.281" /><testcase classname="tests.test_bulk_empty_rows" name="test_bulk_create_no_template_also_empty" time="0.150" /><testcase classname="tests.test_bulk_empty_rows" name="test_bulk_create_count_zero_rejected" time="0.174" /><testcase classname="tests.test_bulk_empty_rows" name="test_bulk_create_count_501_rejected" time="0.211" /><testcase classname="tests.test_bulk_empty_rows" name="test_bulk_create_member_forces_creator_id" time="0.221" /><testcase classname="tests.test_bulk_empty_rows" name="test_bulk_create_admin_can_pass_template_fields" time="0.608" /></testsuite></testsuites>