<?xml version="1.0" encoding="utf-8"?><testsuites name="pytest tests"><testsuite name="pytest" errors="0" failures="0" skipped="0" tests="31" time="10.010" timestamp="2026-09-02T07:40:10.395935+00:00" hostname="agent-env-2c500c02-2516-4109-b81e-9e79fa51cfe0"><testcase classname="tests.test_auth_iter8.TestAuthBasics" name="test_me_without_cookie_returns_401" time="0.307" /><testcase classname="tests.test_auth_iter8.TestAuthEnforced" name="test_endpoint_requires_auth[/work-items]" time="0.265" /><testcase classname="tests.test_auth_iter8.TestAuthEnforced" name="test_endpoint_requires_auth[/projects]" time="0.150" /><testcase classname="tests.test_auth_iter8.TestAuthBasics" name="test_login_wrong_password" time="0.390" /><testcase classname="tests.test_auth_iter8.TestAuthEnforced" name="test_endpoint_requires_auth[/deliverables]" time="0.278" /><testcase classname="tests.test_auth_iter8.TestAuthEnforced" name="test_endpoint_requires_auth[/users]" time="0.251" /><testcase classname="tests.test_auth_iter8.TestAuthBasics" name="test_login_unknown_email" time="0.153" /><testcase classname="tests.test_auth_iter8.TestAuthBasics" name="test_login_all_seed_users[admin-1]" time="0.484" /><testcase classname="tests.test_auth_iter8.TestAuthEnforced" name="test_endpoint_requires_auth[/approvals]" time="0.304" /><testcase classname="tests.test_auth_iter8.TestAuthEnforced" name="test_endpoint_requires_auth[/dashboard/summary]" time="0.143" /><testcase classname="tests.test_auth_iter8.TestAuthBasics" name="test_login_all_seed_users[manager-1]" time="0.529" /><testcase classname="tests.test_auth_iter8.TestAuthEnforced" name="test_endpoint_requires_auth[/dashboard/overview]" time="0.367" /><testcase classname="tests.test_auth_iter8.TestAuthEnforced" name="test_admin_only_dashboard_forbidden_for_member" time="0.618" /><testcase classname="tests.test_auth_iter8.TestAuthBasics" name="test_login_all_seed_users[manager-2]" time="0.573" /><testcase classname="tests.test_auth_iter8.TestPermissions" name="test_admin_cannot_create_work_item" time="0.649" /><testcase classname="tests.test_auth_iter8.TestAuthBasics" name="test_login_all_seed_users[member-1]" time="0.673" /><testcase classname="tests.test_auth_iter8.TestPermissions" name="test_member_creates_own_work_item" time="0.641" /><testcase classname="tests.test_auth_iter8.TestAuthBasics" name="test_login_all_seed_users[member-2]" time="0.634" /><testcase classname="tests.test_auth_iter8.TestPermissions" name="test_member_cannot_edit_others_item" time="1.330" /><testcase classname="tests.test_auth_iter8.TestAuthBasics" name="test_login_all_seed_users[member-3]" time="0.633" /><testcase classname="tests.test_auth_iter8.TestAuthBasics" name="test_logout_clears_cookie" time="1.054" /><testcase classname="tests.test_auth_iter8.TestPermissions" name="test_manager_can_edit_own_dept_item" time="1.182" /><testcase classname="tests.test_auth_iter8.TestSmoke" name="test_admin_dashboard_overview" time="0.647" /><testcase classname="tests.test_auth_iter8.TestSmoke" name="test_projects_list" time="0.642" /><testcase classname="tests.test_auth_iter8.TestPermissions" name="test_manager_cannot_edit_other_dept_item" time="1.002" /><testcase classname="tests.test_auth_iter8.TestSmoke" name="test_clients_list_public" time="0.419" /><testcase classname="tests.test_auth_iter8.TestSmoke" name="test_approvals_list" time="0.640" /><testcase classname="tests.test_auth_iter8.TestPermissions" name="test_member_cannot_set_closed_status" time="0.961" /><testcase classname="tests.test_auth_iter8" name="test_zzz_cleanup_created_items" time="0.480" /><testcase classname="tests.test_auth_iter8.TestPermissions" name="test_manager_can_set_closed_status" time="0.951" /><testcase classname="tests.test_auth_iter8.TestPermissions" name="test_everyone_can_list_all_items" time="0.446" /></testsuite></testsuites>