<?xml version="1.0" encoding="utf-8"?><testsuites name="pytest tests"><testsuite name="pytest" errors="0" failures="0" skipped="0" tests="14" time="4.232" timestamp="2026-09-02T06:11:55.536988+00:00" hostname="agent-env-2c500c02-2516-4109-b81e-9e79fa51cfe0"><testcase classname="tests.test_permissions_iter6.TestManagerDeptScope" name="test_manager_same_dept_can_edit" time="0.606" /><testcase classname="tests.test_permissions_iter6.TestAdminViewOnly" name="test_admin_create_blocked" time="0.335" /><testcase classname="tests.test_permissions_iter6.TestAdminViewOnly" name="test_admin_bulk_create_blocked" time="0.182" /><testcase classname="tests.test_permissions_iter6.TestAdminViewOnly" name="test_admin_patch_blocked" time="0.311" /><testcase classname="tests.test_permissions_iter6.TestManagerDeptScope" name="test_manager_diff_dept_blocked" time="0.254" /><testcase classname="tests.test_permissions_iter6.TestMemberOwnOnly" name="test_member_can_edit_own" time="0.290" /><testcase classname="tests.test_permissions_iter6.TestManagerDeptScope" name="test_manager_animation_row_blocked_for_content" time="0.327" /><testcase classname="tests.test_permissions_iter6.TestMemberOwnOnly" name="test_member_cannot_edit_other_same_dept" time="0.250" /><testcase classname="tests.test_permissions_iter6.TestApproveDeliverable" name="test_stage_progression_via_manager" time="0.736" /><testcase classname="tests.test_permissions_iter6.TestListAll" name="test_get_all_roles_see_all_items" time="0.968" /><testcase classname="tests.test_permissions_iter6.TestApproveDeliverable" name="test_member_cannot_approve" time="0.219" /><testcase classname="tests.test_permissions_iter6.TestDeliverableEdit" name="test_admin_edit_without_stage_fields" time="1.771" /><testcase classname="tests.test_permissions_iter6.TestDeliverableLink" name="test_link_persists" time="0.308" /><testcase classname="tests.test_permissions_iter6" name="test_zzz_cleanup" time="0.118" /></testsuite></testsuites>