<?xml version="1.0" encoding="utf-8"?><testsuites name="pytest tests"><testsuite name="pytest" errors="0" failures="0" skipped="0" tests="6" time="2.141" timestamp="2026-09-01T18:36:34.712537+00:00" hostname="agent-env-2c500c02-2516-4109-b81e-9e79fa51cfe0"><testcase classname="tests.test_bulk_empty_rows" name="test_bulk_create_empty_template_produces_empty_rows" time="0.230" /><testcase classname="tests.test_bulk_empty_rows" name="test_bulk_create_no_template_also_empty" time="0.146" /><testcase classname="tests.test_bulk_empty_rows" name="test_bulk_create_count_zero_rejected" time="0.163" /><testcase classname="tests.test_bulk_empty_rows" name="test_bulk_create_count_501_rejected" time="0.168" /><testcase classname="tests.test_bulk_empty_rows" name="test_bulk_create_member_forces_creator_id" time="0.136" /><testcase classname="tests.test_bulk_empty_rows" name="test_bulk_create_admin_can_pass_template_fields" time="0.487" /></testsuite></testsuites>