<?xml version="1.0" encoding="utf-8"?><testsuites name="pytest tests"><testsuite name="pytest" errors="0" failures="0" skipped="0" tests="26" time="4.348" timestamp="2026-09-01T11:32:58.715904+00:00" hostname="agent-env-2c500c02-2516-4109-b81e-9e79fa51cfe0"><testcase classname="tests.test_phases_3_7.TestUsersMgmt" name="test_create_user_admin" time="0.506" /><testcase classname="tests.test_phases_3_7.TestUsersMgmt" name="test_create_user_invalid_role" time="0.180" /><testcase classname="tests.test_phases_3_7.TestApprovals" name="test_approvals_lists_ready_only" time="0.848" /><testcase classname="tests.test_phases_3_7.TestUsersMgmt" name="test_create_user_invalid_department" time="0.139" /><testcase classname="tests.test_phases_3_7.TestUsersMgmt" name="test_create_user_nonadmin_403" time="0.261" /><testcase classname="tests.test_phases_3_7.TestApprovals" name="test_approvals_requires_auth" time="0.116" /><testcase classname="tests.test_phases_3_7.TestApprovals" name="test_approvals_member_can_read" time="0.149" /><testcase classname="tests.test_phases_3_7.TestUsersMgmt" name="test_patch_user_admin" time="0.158" /><testcase classname="tests.test_phases_3_7.TestApprovals" name="test_approve_advances_stage" time="1.065" /><testcase classname="tests.test_phases_3_7.TestUsersMgmt" name="test_patch_user_invalid_role" time="0.109" /><testcase classname="tests.test_phases_3_7.TestUsersMgmt" name="test_patch_user_invalid_department" time="0.118" /><testcase classname="tests.test_phases_3_7.TestUsersMgmt" name="test_patch_user_nonadmin_403" time="0.280" /><testcase classname="tests.test_phases_3_7.TestUsersMgmt" name="test_seeded_users_have_email_dept_active" time="0.190" /><testcase classname="tests.test_phases_3_7.TestApprovals" name="test_approve_member_forbidden" time="0.119" /><testcase classname="tests.test_phases_3_7.TestWorkItemLinkage" name="test_create_with_linkage" time="0.439" /><testcase classname="tests.test_phases_3_7.TestApprovals" name="test_reject_sets_changes_requested" time="0.407" /><testcase classname="tests.test_phases_3_7.TestWorkItemLinkage" name="test_patch_invalid_stage" time="0.214" /><testcase classname="tests.test_phases_3_7.TestWorkItemLinkage" name="test_patch_own_linkage_member_ok" time="0.171" /><testcase classname="tests.test_phases_3_7.TestApprovals" name="test_reject_member_forbidden" time="0.132" /><testcase classname="tests.test_phases_3_7.TestWorkItemLinkage" name="test_patch_other_row_member_403" time="0.253" /><testcase classname="tests.test_phases_3_7.TestApprovals" name="test_approvals_excludes_changes_requested" time="0.353" /><testcase classname="tests.test_phases_3_7.TestWorkItemLinkage" name="test_cleanup" time="0.284" /><testcase classname="tests.test_phases_3_7.TestDashboardOverview" name="test_admin_overview" time="0.160" /><testcase classname="tests.test_phases_3_7.TestConfigOptions" name="test_options_includes_new_fields" time="0.253" /><testcase classname="tests.test_phases_3_7.TestDashboardOverview" name="test_manager_403" time="0.160" /><testcase classname="tests.test_phases_3_7.TestDashboardOverview" name="test_member_403" time="0.249" /></testsuite></testsuites>