<?xml version="1.0" encoding="utf-8"?><testsuites name="pytest tests"><testsuite name="pytest" errors="0" failures="0" skipped="0" tests="20" time="8.071" timestamp="2026-09-01T10:33:48.275197+00:00" hostname="agent-env-2c500c02-2516-4109-b81e-9e79fa51cfe0"><testcase classname="tests.test_worksheet" name="test_list_users_returns_6_seeded" time="0.305" /><testcase classname="tests.test_worksheet" name="test_get_options" time="0.169" /><testcase classname="tests.test_worksheet" name="test_missing_user_header_401" time="0.107" /><testcase classname="tests.test_worksheet" name="test_unknown_user_404" time="0.129" /><testcase classname="tests.test_worksheet" name="test_admin_create_and_get" time="0.418" /><testcase classname="tests.test_worksheet" name="test_admin_can_set_closed" time="0.482" /><testcase classname="tests.test_worksheet" name="test_member_sees_only_own_rows" time="0.619" /><testcase classname="tests.test_worksheet" name="test_member_create_forces_self_as_creator" time="0.305" /><testcase classname="tests.test_worksheet" name="test_member_cannot_set_closed" time="0.376" /><testcase classname="tests.test_worksheet" name="test_member_cannot_set_changes_requested" time="0.416" /><testcase classname="tests.test_worksheet" name="test_member_can_set_ready_for_review" time="0.427" /><testcase classname="tests.test_worksheet" name="test_member_cannot_edit_others_row" time="0.465" /><testcase classname="tests.test_worksheet" name="test_member_restricted_fields_ignored" time="0.368" /><testcase classname="tests.test_worksheet" name="test_manager_cannot_delete" time="0.402" /><testcase classname="tests.test_worksheet" name="test_member_cannot_delete" time="0.378" /><testcase classname="tests.test_worksheet" name="test_admin_delete_and_verify_gone" time="0.344" /><testcase classname="tests.test_worksheet" name="test_manager_can_edit_all_fields" time="0.425" /><testcase classname="tests.test_worksheet" name="test_manager_sees_all_rows" time="0.485" /><testcase classname="tests.test_worksheet" name="test_filters_search_and_status" time="0.646" /><testcase classname="tests.test_worksheet" name="test_no_mongo_id_leaks" time="0.240" /></testsuite></testsuites>